<?xml version="1.0" encoding="UTF-8"?>
<!-- Generated by org.testng.reporters.JUnitReportReporter -->
<testsuite skipped="0" hostname="LAPTOP-MJT26O8" name="testCases.TC_VideoGameAPI" tests="5" failures="0" timestamp="15 Oct 2019 12:21:11 GMT" time="7.499" errors="0">
  <testcase name="test_getAllVideoGames" time="2.734" classname="testCases.TC_VideoGameAPI"/>
  <testcase name="test_addNewVideoGame" time="0.762" classname="testCases.TC_VideoGameAPI"/>
  <testcase name="test_getVideoGame" time="0.850" classname="testCases.TC_VideoGameAPI"/>
  <testcase name="test_UpdateVideoGame" time="0.095" classname="testCases.TC_VideoGameAPI"/>
  <testcase name="test_DeleteVideoGame" time="3.058" classname="testCases.TC_VideoGameAPI"/>
</testsuite> <!-- testCases.TC_VideoGameAPI -->
